{"level":"info","message":"Running workflow cmfzkv85b00023ofnxw7oayuc for user cmfzgoc8600001bfiolm9ks28","service":"user-service"}
{"level":"info","message":"idempotency_key: cmfzkv85b00033ofnzp2zsxv0","service":"user-service"}
{"eventName":"workflow/random.text.loop","functionName":"random-text-loop","level":"info","message":"Updating workflow status","runID":"01K60S18VNM06RMKKJQY25MJP3","service":"user-service"}
{"eventName":"workflow/random.text.loop","functionName":"random-text-loop","level":"info","message":"Updating workflow run status","runID":"01K60S18VNM06RMKKJQY25MJP3","service":"user-service"}
{"eventName":"workflow/random.text.loop","functionName":"random-text-loop","level":"info","message":"Workflow and run status update complete","runID":"01K60S18VNM06RMKKJQY25MJP3","service":"user-service"}
{"eventName":"workflow/random.text.loop","functionName":"random-text-loop","level":"info","message":{"functionId":"random-text-loop","runId":"01K60S18VNM06RMKKJQY25MJP3","userId":"cmfzgoc8600001bfiolm9ks28","workflowId":"cmfzkv85b00023ofnxw7oayuc"},"runID":"01K60S18VNM06RMKKJQY25MJP3","service":"user-service"}
{"eventName":"inngest/function.finished","functionName":"workflow-status-handler","level":"info","message":"--------------------------------\n","runID":"01K60S1GPNGR6W7RQFMMCS0NEH","service":"user-service"}
{"eventName":"inngest/function.finished","functionName":"workflow-status-handler","level":"info","message":"duramation-random-text-loop","runID":"01K60S1GPNGR6W7RQFMMCS0NEH","service":"user-service"}
{"eventName":"inngest/function.finished","functionName":"workflow-status-handler","level":"info","message":"--------------------------------\n","runID":"01K60S1GPNGR6W7RQFMMCS0NEH","service":"user-service"}
{"eventName":"inngest/function.finished","functionName":"workflow-status-handler","level":"info","message":"cmfzkv85b00023ofnxw7oayuc","runID":"01K60S1GPNGR6W7RQFMMCS0NEH","service":"user-service"}
{"eventName":"inngest/function.finished","functionName":"workflow-status-handler","level":"info","message":"cmfzgoc8600001bfiolm9ks28","runID":"01K60S1GPNGR6W7RQFMMCS0NEH","service":"user-service"}
{"eventName":"inngest/function.finished","functionName":"workflow-status-handler","level":"info","message":"Updating workflow status","runID":"01K60S1GPNGR6W7RQFMMCS0NEH","service":"user-service"}
{"eventName":"inngest/function.finished","functionName":"workflow-status-handler","level":"info","message":"Updating workflow run status","runID":"01K60S1GPNGR6W7RQFMMCS0NEH","service":"user-service"}
{"eventName":"inngest/function.finished","functionName":"workflow-status-handler","level":"info","message":"Sending webhook to: http://localhost:3000/api/realtime/notify","runID":"01K60S1GPNGR6W7RQFMMCS0NEH","service":"user-service"}
{"eventName":"inngest/function.finished","functionName":"workflow-status-handler","level":"info","message":"Webhook sent successfully to: http://localhost:3000/api/realtime/notify","runID":"01K60S1GPNGR6W7RQFMMCS0NEH","service":"user-service"}
{"eventName":"inngest/function.finished","functionName":"workflow-status-handler","level":"info","message":"Workflow and run status update complete","runID":"01K60S1GPNGR6W7RQFMMCS0NEH","service":"user-service"}
{"level":"info","message":"Running workflow cmfzkv85b00023ofnxw7oayuc for user cmfzgoc8600001bfiolm9ks28","service":"user-service"}
{"level":"info","message":"idempotency_key: 3a2140f6-5fae-4377-bcc1-70f18b344a4c","service":"user-service"}
{"eventName":"workflow/random.text.loop","functionName":"random-text-loop","level":"info","message":"Updating workflow status","runID":"01K60S258N3T6T27BZ7WCKFJ7J","service":"user-service"}
{"eventName":"workflow/random.text.loop","functionName":"random-text-loop","level":"info","message":"Updating workflow run status","runID":"01K60S258N3T6T27BZ7WCKFJ7J","service":"user-service"}
{"eventName":"workflow/random.text.loop","functionName":"random-text-loop","level":"info","message":"Workflow and run status update complete","runID":"01K60S258N3T6T27BZ7WCKFJ7J","service":"user-service"}
{"eventName":"workflow/random.text.loop","functionName":"random-text-loop","level":"info","message":{"functionId":"random-text-loop","runId":"01K60S258N3T6T27BZ7WCKFJ7J","userId":"cmfzgoc8600001bfiolm9ks28","workflowId":"cmfzkv85b00023ofnxw7oayuc"},"runID":"01K60S258N3T6T27BZ7WCKFJ7J","service":"user-service"}
{"eventName":"inngest/function.finished","functionName":"workflow-status-handler","level":"info","message":"--------------------------------\n","runID":"01K60S2FT2T98QWGC52GTAKJCZ","service":"user-service"}
{"eventName":"inngest/function.finished","functionName":"workflow-status-handler","level":"info","message":"duramation-random-text-loop","runID":"01K60S2FT2T98QWGC52GTAKJCZ","service":"user-service"}
{"eventName":"inngest/function.finished","functionName":"workflow-status-handler","level":"info","message":"--------------------------------\n","runID":"01K60S2FT2T98QWGC52GTAKJCZ","service":"user-service"}
{"eventName":"inngest/function.finished","functionName":"workflow-status-handler","level":"info","message":"cmfzkv85b00023ofnxw7oayuc","runID":"01K60S2FT2T98QWGC52GTAKJCZ","service":"user-service"}
{"eventName":"inngest/function.finished","functionName":"workflow-status-handler","level":"info","message":"cmfzgoc8600001bfiolm9ks28","runID":"01K60S2FT2T98QWGC52GTAKJCZ","service":"user-service"}
{"eventName":"inngest/function.finished","functionName":"workflow-status-handler","level":"info","message":"Updating workflow status","runID":"01K60S2FT2T98QWGC52GTAKJCZ","service":"user-service"}
{"eventName":"inngest/function.finished","functionName":"workflow-status-handler","level":"info","message":"Updating workflow run status","runID":"01K60S2FT2T98QWGC52GTAKJCZ","service":"user-service"}
{"eventName":"inngest/function.finished","functionName":"workflow-status-handler","level":"info","message":"Sending webhook to: http://localhost:3000/api/realtime/notify","runID":"01K60S2FT2T98QWGC52GTAKJCZ","service":"user-service"}
{"eventName":"inngest/function.finished","functionName":"workflow-status-handler","level":"info","message":"Webhook sent successfully to: http://localhost:3000/api/realtime/notify","runID":"01K60S2FT2T98QWGC52GTAKJCZ","service":"user-service"}
{"eventName":"inngest/function.finished","functionName":"workflow-status-handler","level":"info","message":"Workflow and run status update complete","runID":"01K60S2FT2T98QWGC52GTAKJCZ","service":"user-service"}
{"level":"info","message":"Running workflow cmfzkv85b00023ofnxw7oayuc for user cmfzgoc8600001bfiolm9ks28","service":"user-service"}
{"level":"info","message":"idempotency_key: c7b3e0aa-e980-4fe3-bef2-1c56abe66ee5","service":"user-service"}
{"eventName":"workflow/random.text.loop","functionName":"random-text-loop","level":"info","message":"Updating workflow status","runID":"01K62RM6J5QFW1RE5WCCE55HN2","service":"user-service"}
{"eventName":"workflow/random.text.loop","functionName":"random-text-loop","level":"info","message":"Updating workflow run status","runID":"01K62RM6J5QFW1RE5WCCE55HN2","service":"user-service"}
{"eventName":"workflow/random.text.loop","functionName":"random-text-loop","level":"info","message":"Workflow and run status update complete","runID":"01K62RM6J5QFW1RE5WCCE55HN2","service":"user-service"}
{"eventName":"workflow/random.text.loop","functionName":"random-text-loop","level":"info","message":{"functionId":"random-text-loop","runId":"01K62RM6J5QFW1RE5WCCE55HN2","userId":"cmfzgoc8600001bfiolm9ks28","workflowId":"cmfzkv85b00023ofnxw7oayuc"},"runID":"01K62RM6J5QFW1RE5WCCE55HN2","service":"user-service"}
{"eventName":"inngest/function.finished","functionName":"workflow-status-handler","level":"info","message":"--------------------------------\n","runID":"01K62RMGKZR4Q2TKGC4MWX19ZH","service":"user-service"}
{"eventName":"inngest/function.finished","functionName":"workflow-status-handler","level":"info","message":"duramation-random-text-loop","runID":"01K62RMGKZR4Q2TKGC4MWX19ZH","service":"user-service"}
{"eventName":"inngest/function.finished","functionName":"workflow-status-handler","level":"info","message":"--------------------------------\n","runID":"01K62RMGKZR4Q2TKGC4MWX19ZH","service":"user-service"}
{"eventName":"inngest/function.finished","functionName":"workflow-status-handler","level":"info","message":"cmfzkv85b00023ofnxw7oayuc","runID":"01K62RMGKZR4Q2TKGC4MWX19ZH","service":"user-service"}
{"eventName":"inngest/function.finished","functionName":"workflow-status-handler","level":"info","message":"cmfzgoc8600001bfiolm9ks28","runID":"01K62RMGKZR4Q2TKGC4MWX19ZH","service":"user-service"}
{"eventName":"inngest/function.finished","functionName":"workflow-status-handler","level":"info","message":"Updating workflow status","runID":"01K62RMGKZR4Q2TKGC4MWX19ZH","service":"user-service"}
{"eventName":"inngest/function.finished","functionName":"workflow-status-handler","level":"info","message":"Updating workflow run status","runID":"01K62RMGKZR4Q2TKGC4MWX19ZH","service":"user-service"}
{"eventName":"inngest/function.finished","functionName":"workflow-status-handler","level":"info","message":"Sending webhook to: http://localhost:3000/api/realtime/notify","runID":"01K62RMGKZR4Q2TKGC4MWX19ZH","service":"user-service"}
{"eventName":"inngest/function.finished","functionName":"workflow-status-handler","level":"info","message":"Webhook sent successfully to: http://localhost:3000/api/realtime/notify","runID":"01K62RMGKZR4Q2TKGC4MWX19ZH","service":"user-service"}
{"eventName":"inngest/function.finished","functionName":"workflow-status-handler","level":"info","message":"Workflow and run status update complete","runID":"01K62RMGKZR4Q2TKGC4MWX19ZH","service":"user-service"}
{"level":"info","message":"Running workflow cmfzkv85b00023ofnxw7oayuc for user cmfzgoc8600001bfiolm9ks28","service":"user-service"}
{"level":"info","message":"idempotency_key: 5e61b995-e382-4341-a82d-03ff2306e088","service":"user-service"}
{"eventName":"workflow/random.text.loop","functionName":"random-text-loop","level":"info","message":"Updating workflow status","runID":"01K6AF7T3HA293A11X70E5DPSE","service":"user-service"}
{"eventName":"workflow/random.text.loop","functionName":"random-text-loop","level":"info","message":"Updating workflow run status","runID":"01K6AF7T3HA293A11X70E5DPSE","service":"user-service"}
{"eventName":"workflow/random.text.loop","functionName":"random-text-loop","level":"info","message":"Workflow and run status update complete","runID":"01K6AF7T3HA293A11X70E5DPSE","service":"user-service"}
{"eventName":"workflow/random.text.loop","functionName":"random-text-loop","level":"info","message":{"functionId":"random-text-loop","runId":"01K6AF7T3HA293A11X70E5DPSE","userId":"cmfzgoc8600001bfiolm9ks28","workflowId":"cmfzkv85b00023ofnxw7oayuc"},"runID":"01K6AF7T3HA293A11X70E5DPSE","service":"user-service"}
{"eventName":"inngest/function.finished","functionName":"workflow-status-handler","level":"info","message":"--------------------------------\n","runID":"01K6AF85M360RHVCXQGMBFD03V","service":"user-service"}
{"eventName":"inngest/function.finished","functionName":"workflow-status-handler","level":"info","message":"duramation-random-text-loop","runID":"01K6AF85M360RHVCXQGMBFD03V","service":"user-service"}
{"eventName":"inngest/function.finished","functionName":"workflow-status-handler","level":"info","message":"--------------------------------\n","runID":"01K6AF85M360RHVCXQGMBFD03V","service":"user-service"}
{"eventName":"inngest/function.finished","functionName":"workflow-status-handler","level":"info","message":"cmfzkv85b00023ofnxw7oayuc","runID":"01K6AF85M360RHVCXQGMBFD03V","service":"user-service"}
{"eventName":"inngest/function.finished","functionName":"workflow-status-handler","level":"info","message":"cmfzgoc8600001bfiolm9ks28","runID":"01K6AF85M360RHVCXQGMBFD03V","service":"user-service"}
{"eventName":"inngest/function.finished","functionName":"workflow-status-handler","level":"info","message":"Updating workflow status","runID":"01K6AF85M360RHVCXQGMBFD03V","service":"user-service"}
{"eventName":"inngest/function.finished","functionName":"workflow-status-handler","level":"info","message":"Updating workflow run status","runID":"01K6AF85M360RHVCXQGMBFD03V","service":"user-service"}
{"eventName":"inngest/function.finished","functionName":"workflow-status-handler","level":"info","message":"Sending webhook to: http://localhost:3000/api/realtime/notify","runID":"01K6AF85M360RHVCXQGMBFD03V","service":"user-service"}
{"eventName":"inngest/function.finished","functionName":"workflow-status-handler","level":"info","message":"Webhook sent successfully to: http://localhost:3000/api/realtime/notify","runID":"01K6AF85M360RHVCXQGMBFD03V","service":"user-service"}
{"eventName":"inngest/function.finished","functionName":"workflow-status-handler","level":"info","message":"Workflow and run status update complete","runID":"01K6AF85M360RHVCXQGMBFD03V","service":"user-service"}
{"level":"info","message":"Running workflow cmfzkv85b00023ofnxw7oayuc for user cmfzgoc8600001bfiolm9ks28","service":"user-service"}
{"level":"info","message":"idempotency_key: 9c3588a8-ee6d-4582-9054-fdb7ea6718c2","service":"user-service"}
{"eventName":"workflow/random.text.loop","functionName":"random-text-loop","level":"info","message":"Updating workflow status","runID":"01K6B5PBG5N235SNQGCYGBDZHC","service":"user-service"}
{"eventName":"workflow/random.text.loop","functionName":"random-text-loop","level":"info","message":"Updating workflow run status","runID":"01K6B5PBG5N235SNQGCYGBDZHC","service":"user-service"}
{"eventName":"workflow/random.text.loop","functionName":"random-text-loop","level":"info","message":"Workflow and run status update complete","runID":"01K6B5PBG5N235SNQGCYGBDZHC","service":"user-service"}
{"eventName":"workflow/random.text.loop","functionName":"random-text-loop","level":"info","message":{"functionId":"random-text-loop","runId":"01K6B5PBG5N235SNQGCYGBDZHC","userId":"cmfzgoc8600001bfiolm9ks28","workflowId":"cmfzkv85b00023ofnxw7oayuc"},"runID":"01K6B5PBG5N235SNQGCYGBDZHC","service":"user-service"}
{"eventName":"inngest/function.finished","functionName":"workflow-status-handler","level":"info","message":"--------------------------------\n","runID":"01K6B5QPN11XM9HGJJTG1RY77X","service":"user-service"}
{"eventName":"inngest/function.finished","functionName":"workflow-status-handler","level":"info","message":"duramation-random-text-loop","runID":"01K6B5QPN11XM9HGJJTG1RY77X","service":"user-service"}
{"eventName":"inngest/function.finished","functionName":"workflow-status-handler","level":"info","message":"--------------------------------\n","runID":"01K6B5QPN11XM9HGJJTG1RY77X","service":"user-service"}
{"eventName":"inngest/function.finished","functionName":"workflow-status-handler","level":"info","message":"cmfzkv85b00023ofnxw7oayuc","runID":"01K6B5QPN11XM9HGJJTG1RY77X","service":"user-service"}
{"eventName":"inngest/function.finished","functionName":"workflow-status-handler","level":"info","message":"cmfzgoc8600001bfiolm9ks28","runID":"01K6B5QPN11XM9HGJJTG1RY77X","service":"user-service"}
{"eventName":"inngest/function.finished","functionName":"workflow-status-handler","level":"info","message":"Updating workflow status","runID":"01K6B5QPN11XM9HGJJTG1RY77X","service":"user-service"}
{"eventName":"inngest/function.finished","functionName":"workflow-status-handler","level":"info","message":"Updating workflow run status","runID":"01K6B5QPN11XM9HGJJTG1RY77X","service":"user-service"}
{"eventName":"inngest/function.finished","functionName":"workflow-status-handler","level":"info","message":"Sending webhook to: http://localhost:3000/api/realtime/notify","runID":"01K6B5QPN11XM9HGJJTG1RY77X","service":"user-service"}
{"eventName":"inngest/function.finished","functionName":"workflow-status-handler","level":"info","message":"Webhook sent successfully to: http://localhost:3000/api/realtime/notify","runID":"01K6B5QPN11XM9HGJJTG1RY77X","service":"user-service"}
{"eventName":"inngest/function.finished","functionName":"workflow-status-handler","level":"info","message":"Workflow and run status update complete","runID":"01K6B5QPN11XM9HGJJTG1RY77X","service":"user-service"}
{"level":"info","message":"Running workflow cmfzkv85b00023ofnxw7oayuc for user cmfzgoc8600001bfiolm9ks28","service":"user-service"}
{"level":"info","message":"idempotency_key: a66507a1-91ee-4064-95d6-1c2bf35af66d","service":"user-service"}
{"eventName":"workflow/random.text.loop","functionName":"random-text-loop","level":"info","message":"Updating workflow status","runID":"01K6B5S1S0KC8QRWPSGE53JQKX","service":"user-service"}
{"eventName":"workflow/random.text.loop","functionName":"random-text-loop","level":"info","message":"Updating workflow run status","runID":"01K6B5S1S0KC8QRWPSGE53JQKX","service":"user-service"}
{"eventName":"workflow/random.text.loop","functionName":"random-text-loop","level":"info","message":"Workflow and run status update complete","runID":"01K6B5S1S0KC8QRWPSGE53JQKX","service":"user-service"}
{"eventName":"workflow/random.text.loop","functionName":"random-text-loop","level":"info","message":{"functionId":"random-text-loop","runId":"01K6B5S1S0KC8QRWPSGE53JQKX","userId":"cmfzgoc8600001bfiolm9ks28","workflowId":"cmfzkv85b00023ofnxw7oayuc"},"runID":"01K6B5S1S0KC8QRWPSGE53JQKX","service":"user-service"}
{"eventName":"inngest/function.finished","functionName":"workflow-status-handler","level":"info","message":"--------------------------------\n","runID":"01K6B5TBNXH01WH3MFZMN5FC4S","service":"user-service"}
{"eventName":"inngest/function.finished","functionName":"workflow-status-handler","level":"info","message":"duramation-random-text-loop","runID":"01K6B5TBNXH01WH3MFZMN5FC4S","service":"user-service"}
{"eventName":"inngest/function.finished","functionName":"workflow-status-handler","level":"info","message":"--------------------------------\n","runID":"01K6B5TBNXH01WH3MFZMN5FC4S","service":"user-service"}
{"eventName":"inngest/function.finished","functionName":"workflow-status-handler","level":"info","message":"cmfzkv85b00023ofnxw7oayuc","runID":"01K6B5TBNXH01WH3MFZMN5FC4S","service":"user-service"}
{"eventName":"inngest/function.finished","functionName":"workflow-status-handler","level":"info","message":"cmfzgoc8600001bfiolm9ks28","runID":"01K6B5TBNXH01WH3MFZMN5FC4S","service":"user-service"}
{"eventName":"inngest/function.finished","functionName":"workflow-status-handler","level":"info","message":"Updating workflow status","runID":"01K6B5TBNXH01WH3MFZMN5FC4S","service":"user-service"}
{"eventName":"inngest/function.finished","functionName":"workflow-status-handler","level":"info","message":"Updating workflow run status","runID":"01K6B5TBNXH01WH3MFZMN5FC4S","service":"user-service"}
{"eventName":"inngest/function.finished","functionName":"workflow-status-handler","level":"info","message":"Sending webhook to: http://localhost:3000/api/realtime/notify","runID":"01K6B5TBNXH01WH3MFZMN5FC4S","service":"user-service"}
{"eventName":"inngest/function.finished","functionName":"workflow-status-handler","level":"info","message":"Webhook sent successfully to: http://localhost:3000/api/realtime/notify","runID":"01K6B5TBNXH01WH3MFZMN5FC4S","service":"user-service"}
{"eventName":"inngest/function.finished","functionName":"workflow-status-handler","level":"info","message":"Workflow and run status update complete","runID":"01K6B5TBNXH01WH3MFZMN5FC4S","service":"user-service"}
{"level":"info","message":"Running workflow cmfzkv85b00023ofnxw7oayuc for user cmfzgoc8600001bfiolm9ks28","service":"user-service"}
{"level":"info","message":"idempotency_key: d88c3068-e5e5-46f9-9127-fe4013f28c06","service":"user-service"}
{"eventName":"workflow/random.text.loop","functionName":"random-text-loop","level":"info","message":"Updating workflow status","runID":"01K6B78HGEH465CB1Z7AM1BM0Y","service":"user-service"}
{"eventName":"workflow/random.text.loop","functionName":"random-text-loop","level":"info","message":"Updating workflow run status","runID":"01K6B78HGEH465CB1Z7AM1BM0Y","service":"user-service"}
{"eventName":"workflow/random.text.loop","functionName":"random-text-loop","level":"info","message":"Workflow and run status update complete","runID":"01K6B78HGEH465CB1Z7AM1BM0Y","service":"user-service"}
{"eventName":"workflow/random.text.loop","functionName":"random-text-loop","level":"info","message":{"functionId":"random-text-loop","runId":"01K6B78HGEH465CB1Z7AM1BM0Y","userId":"cmfzgoc8600001bfiolm9ks28","workflowId":"cmfzkv85b00023ofnxw7oayuc"},"runID":"01K6B78HGEH465CB1Z7AM1BM0Y","service":"user-service"}
{"eventName":"workflow/random.text.loop","functionName":"random-text-loop","level":"error","message":"Testing workflow failure","runID":"01K6B78HGEH465CB1Z7AM1BM0Y","service":"user-service","stack":"Error: Testing workflow failure\n    at /home/abdssamie/Projects/duramation/apps/inngest-app/.next/server/chunks/[root-of-the-server]__b6ded45c._.js:9770:15\n    at Object.fn (/home/abdssamie/Projects/duramation/apps/inngest-app/.next/server/chunks/f549a_inngest_8c6c318b._.js:4213:36)\n    at step.fn (/home/abdssamie/Projects/duramation/apps/inngest-app/.next/server/chunks/f549a_inngest_8c6c318b._.js:5609:45)\n    at process.processTicksAndRejections (node:internal/process/task_queues:105:5)"}
{"eventName":"workflow/random.text.loop","functionName":"random-text-loop","level":"info","message":{"functionId":"random-text-loop","runId":"01K6B78HGEH465CB1Z7AM1BM0Y","userId":"cmfzgoc8600001bfiolm9ks28","workflowId":"cmfzkv85b00023ofnxw7oayuc"},"runID":"01K6B78HGEH465CB1Z7AM1BM0Y","service":"user-service"}
{"eventName":"workflow/random.text.loop","functionName":"random-text-loop","level":"error","message":"Testing workflow failure","runID":"01K6B78HGEH465CB1Z7AM1BM0Y","service":"user-service","stack":"Error: Testing workflow failure\n    at /home/abdssamie/Projects/duramation/apps/inngest-app/.next/server/chunks/[root-of-the-server]__b6ded45c._.js:9770:15\n    at Object.fn (/home/abdssamie/Projects/duramation/apps/inngest-app/.next/server/chunks/f549a_inngest_8c6c318b._.js:4213:36)\n    at step.fn (/home/abdssamie/Projects/duramation/apps/inngest-app/.next/server/chunks/f549a_inngest_8c6c318b._.js:5609:45)\n    at process.processTicksAndRejections (node:internal/process/task_queues:105:5)"}
{"eventName":"inngest/function.finished","functionName":"workflow-status-handler","level":"info","message":"--------------------------------\n","runID":"01K6B7AFZXKJHD9Y0XJWDTQ0SP","service":"user-service"}
{"eventName":"inngest/function.finished","functionName":"workflow-status-handler","level":"info","message":"duramation-random-text-loop","runID":"01K6B7AFZXKJHD9Y0XJWDTQ0SP","service":"user-service"}
{"eventName":"inngest/function.finished","functionName":"workflow-status-handler","level":"info","message":"--------------------------------\n","runID":"01K6B7AFZXKJHD9Y0XJWDTQ0SP","service":"user-service"}
{"eventName":"inngest/function.finished","functionName":"workflow-status-handler","level":"info","message":"cmfzkv85b00023ofnxw7oayuc","runID":"01K6B7AFZXKJHD9Y0XJWDTQ0SP","service":"user-service"}
{"eventName":"inngest/function.finished","functionName":"workflow-status-handler","level":"info","message":"cmfzgoc8600001bfiolm9ks28","runID":"01K6B7AFZXKJHD9Y0XJWDTQ0SP","service":"user-service"}
{"eventName":"inngest/function.finished","functionName":"workflow-status-handler","level":"info","message":"Updating workflow status","runID":"01K6B7AFZXKJHD9Y0XJWDTQ0SP","service":"user-service"}
{"eventName":"inngest/function.finished","functionName":"workflow-status-handler","level":"info","message":"Updating workflow run status","runID":"01K6B7AFZXKJHD9Y0XJWDTQ0SP","service":"user-service"}
{"eventName":"inngest/function.finished","functionName":"workflow-status-handler","level":"info","message":"Sending webhook to: http://localhost:3000/api/realtime/notify","runID":"01K6B7AFZXKJHD9Y0XJWDTQ0SP","service":"user-service"}
{"eventName":"inngest/function.finished","functionName":"workflow-status-handler","level":"info","message":"Webhook sent successfully to: http://localhost:3000/api/realtime/notify","runID":"01K6B7AFZXKJHD9Y0XJWDTQ0SP","service":"user-service"}
{"eventName":"inngest/function.finished","functionName":"workflow-status-handler","level":"info","message":"Workflow and run status update complete","runID":"01K6B7AFZXKJHD9Y0XJWDTQ0SP","service":"user-service"}
